<?xml version="1.0" encoding="UTF-8"?>
<!-- Generated by org.testng.reporters.JUnitXMLReporter -->
<testsuite ignored="3" hostname="LAPTOP-FT84V0UI" failures="0" tests="1" name="Default test" time="5.055" errors="0" timestamp="2022-02-04T18:32:29 WIB">
  <testcase classname="Test.API.Test1_CRUD" name="test04_delete" time="4.989"/>
  <testcase classname="Test.API.Test1_CRUD" name="test03_update" time="0.0">
    <ignored/>
  </testcase> <!-- test03_update -->
  <testcase classname="Test.API.Test1_CRUD" name="test02_update" time="0.0">
    <ignored/>
  </testcase> <!-- test02_update -->
  <testcase classname="Test.API.Test1_CRUD" name="test01_post" time="0.0">
    <ignored/>
  </testcase> <!-- test01_post -->
</testsuite> <!-- Default test -->
