<?xml version="1.0" encoding="UTF-8"?>
<testng-results ignored="3" total="4" passed="1" failed="0" skipped="0">
  <reporter-output>
  </reporter-output>
  <suite started-at="2022-02-04T18:32:24 WIB" name="Default suite" finished-at="2022-02-04T18:32:29 WIB" duration-ms="5055">
    <groups>
    </groups>
    <test started-at="2022-02-04T18:32:24 WIB" name="Default test" finished-at="2022-02-04T18:32:29 WIB" duration-ms="5055">
      <class name="Test.API.Test1_CRUD">
        <test-method signature="test04_delete()[pri:0, instance:Test.API.Test1_CRUD@49c386c8]" started-at="2022-02-04T18:32:24 WIB" name="test04_delete" finished-at="2022-02-04T18:32:29 WIB" duration-ms="4989" status="PASS">
          <reporter-output>
          </reporter-output>
        </test-method> <!-- test04_delete -->
      </class> <!-- Test.API.Test1_CRUD -->
    </test> <!-- Default test -->
  </suite> <!-- Default suite -->
</testng-results>
